**********************
Windows PowerShell transcript start
Start time: 20240423091313
Username: DESKTOP-OQ6UTK9\Shane
RunAs User: DESKTOP-OQ6UTK9\Shane
Configuration Name: 
Machine: DESKTOP-OQ6UTK9 (Microsoft Windows NT 10.0.19045.0)
Host Application: C:\Windows\System32\WindowsPowerShell\v1.0\powershell.exe -Command if((Get-ExecutionPolicy ) -ne 'AllSigned') { Set-ExecutionPolicy -Scope Process Bypass }; & 'B:\Users\hargs\GitHub\project-jericho\Script_Project Jericho_3D Navigation in Space and on Planets_V7.2.8.ps1'
Process ID: 340
PSVersion: 5.1.19041.4170
PSEdition: Desktop
PSCompatibleVersions: 1.0, 2.0, 3.0, 4.0, 5.0, 5.1.19041.4170
BuildVersion: 10.0.19041.4170
CLRVersion: 4.0.30319.42000
WSManStackVersion: 3.0
PSRemotingProtocolVersion: 2.3
SerializationVersion: 1.1.0.1
**********************
[38;2;255;165;0mProject Jericho is loading, please wait ...
[38;2;255;165;0mHeader Font missing - asking user for install

[38;2;255;165;0mData Font missing - asking user for install
Application        Parent
-----------        ------
System.__ComObject System.__ComObject
System.__ComObject System.__ComObject
[38;2;255;165;0m- Loading Code from functions folder
At B:\Users\hargs\GitHub\project-jericho\functions\GUI-Frontend.Export.ps1:1378 char:39
+     $labelCreatedByGraupunktWi.Text = 'â’¸ created by Graupunkt with  ...
+                                          ~
Unexpected token '¸' in expression or statement.

At B:\Users\hargs\GitHub\project-jericho\functions\GUI-Frontend.Export.ps1:1605 char:57
+     $labelSupportAndUpdatesMer.Text = 'Support and Updates @ Meridian ...
+                                                            ~
Unrecognized token in source text.

At B:\Users\hargs\GitHub\project-jericho\functions\GUI-Frontend.Export.ps1:2079 char:46
+     $label81.Font = [System.Drawing.Font]::new('Arial Narrow', '15.75 ...
+                                                 ~~~~~
Unexpected token 'Arial' in expression or statement.

At B:\Users\hargs\GitHub\project-jericho\functions\GUI-Frontend.Export.ps1:2117 char:29
+     $textbox246.BorderStyle = 'None'
+                                ~~~~~
Unexpected token 'None'
	$textbox246.Font = [System.Drawing.Font]::new('Jericho-Digital', '12')
	$textbox246.ForeColor = [System.Drawing.Color]::FromArgb(255, 230, 230, 230)
	$textbox246.Location = New-Object System.Drawing.Point(44, 79)
	$textbox246.Margin = '0' in expression or statement.

At B:\Users\hargs\GitHub\project-jericho\functions\GUI-Frontend.Export.ps1:2121 char:25
+     $textbox246.Margin = '0, 0, 0, 0'
+                            ~
Missing argument in parameter list.

At B:\Users\hargs\GitHub\project-jericho\functions\GUI-Frontend.Export.ps1:2334 char:51
+ ... bel1013093.Font = [System.Drawing.Font]::new('Jericho-Digital', '12')
+                                                   ~~~~~~~~~~~~~~~~~~~~~~~
Unexpected token 'Jericho-Digital', '12')
	$label1013093.ForeColor = [System.Drawing.Color]::Gray 
	$label1013093.Location = New-Object System.Drawing.Point(279, 59)
	$label1013093.Margin = '4' in expression or statement.

At B:\Users\hargs\GitHub\project-jericho\functions\GUI-Frontend.Export.ps1:2337 char:27
+     $label1013093.Margin = '4, 0, 4, 0'
+                              ~
Missing argument in parameter list.

At B:\Users\hargs\GitHub\project-jericho\functions\GUI-Frontend.Export.ps1:2370 char:46
+     $label78.Font = [System.Drawing.Font]::new('Arial Narrow', '15.75 ...
+                                                 ~~~~~
Unexpected token 'Arial' in expression or statement.

At B:\Users\hargs\GitHub\project-jericho\functions\GUI-Frontend.Export.ps1:2498 char:46
+ ...   $labelKm.Font = [System.Drawing.Font]::new('Jericho-Digital', '12')
+                                                   ~~~~~~~~~~~~~~~~~~~~~~~
Unexpected token 'Jericho-Digital', '12')
	$labelKm.ForeColor = [System.Drawing.Color]::Gray 
	$labelKm.Location = New-Object System.Drawing.Point(279, 22)
	$labelKm.Margin = '4' in expression or statement.

At B:\Users\hargs\GitHub\project-jericho\functions\GUI-Frontend.Export.ps1:2501 char:22
+     $labelKm.Margin = '4, 0, 4, 0'
+                         ~
Missing argument in parameter list.

Not all parse errors were reported.  Correct the reported errors and try again.
    + CategoryInfo          : ParserError: (:) [], ParseException
    + FullyQualifiedErrorId : UnexpectedToken
At B:\Users\hargs\GitHub\project-jericho\functions\GUI-Frontend.Export.ps1:1378 char:39
+     $labelCreatedByGraupunktWi.Text = 'â’¸ created by Graupunkt with  ...
+                                          ~
Unexpected token '¸' in expression or statement.

At B:\Users\hargs\GitHub\project-jericho\functions\GUI-Frontend.Export.ps1:1605 char:57
+     $labelSupportAndUpdatesMer.Text = 'Support and Updates @ Meridian ...
+                                                            ~
Unrecognized token in source text.

At B:\Users\hargs\GitHub\project-jericho\functions\GUI-Frontend.Export.ps1:2079 char:46
+     $label81.Font = [System.Drawing.Font]::new('Arial Narrow', '15.75 ...
+                                                 ~~~~~
Unexpected token 'Arial' in expression or statement.

At B:\Users\hargs\GitHub\project-jericho\functions\GUI-Frontend.Export.ps1:2117 char:29
+     $textbox246.BorderStyle = 'None'
+                                ~~~~~
Unexpected token 'None'
	$textbox246.Font = [System.Drawing.Font]::new('Jericho-Digital', '12')
	$textbox246.ForeColor = [System.Drawing.Color]::FromArgb(255, 230, 230, 230)
	$textbox246.Location = New-Object System.Drawing.Point(44, 79)
	$textbox246.Margin = '0' in expression or statement.

At B:\Users\hargs\GitHub\project-jericho\functions\GUI-Frontend.Export.ps1:2121 char:25
+     $textbox246.Margin = '0, 0, 0, 0'
+                            ~
Missing argument in parameter list.

At B:\Users\hargs\GitHub\project-jericho\functions\GUI-Frontend.Export.ps1:2334 char:51
+ ... bel1013093.Font = [System.Drawing.Font]::new('Jericho-Digital', '12')
+                                                   ~~~~~~~~~~~~~~~~~~~~~~~
Unexpected token 'Jericho-Digital', '12')
	$label1013093.ForeColor = [System.Drawing.Color]::Gray
	$label1013093.Location = New-Object System.Drawing.Point(279, 59)
	$label1013093.Margin = '4' in expression or statement.

At B:\Users\hargs\GitHub\project-jericho\functions\GUI-Frontend.Export.ps1:2337 char:27
+     $label1013093.Margin = '4, 0, 4, 0'
+                              ~
Missing argument in parameter list.

At B:\Users\hargs\GitHub\project-jericho\functions\GUI-Frontend.Export.ps1:2370 char:46
+     $label78.Font = [System.Drawing.Font]::new('Arial Narrow', '15.75 ...
+                                                 ~~~~~
Unexpected token 'Arial' in expression or statement.

At B:\Users\hargs\GitHub\project-jericho\functions\GUI-Frontend.Export.ps1:2498 char:46
+ ...   $labelKm.Font = [System.Drawing.Font]::new('Jericho-Digital', '12')
+                                                   ~~~~~~~~~~~~~~~~~~~~~~~
Unexpected token 'Jericho-Digital', '12')
	$labelKm.ForeColor = [System.Drawing.Color]::Gray
	$labelKm.Location = New-Object System.Drawing.Point(279, 22)
	$labelKm.Margin = '4' in expression or statement.

At B:\Users\hargs\GitHub\project-jericho\functions\GUI-Frontend.Export.ps1:2501 char:22
+     $labelKm.Margin = '4, 0, 4, 0'
+                         ~
Missing argument in parameter list.

Not all parse errors were reported.  Correct the reported errors and try again.
    + CategoryInfo          : ParserError: (:) [], ParseException
    + FullyQualifiedErrorId : UnexpectedToken

The property 'Icon' cannot be found on this object. Verify that the property exists and can be set.
At B:\Users\hargs\GitHub\project-jericho\functions\GUI Frontend Modifications.ps1:2 char:1
+ $formProjectJericho.Icon = New-Object system.drawing.icon ("$script:S ...
+ ~~~~~~~~~~~~~~~~~~~~~~~~~~~~~~~~~~~~~~~~~~~~~~~~~~~~~~~~~~~~~~~~~~~~~
    + CategoryInfo          : InvalidOperation: (:) [], RuntimeException
    + FullyQualifiedErrorId : PropertyNotFound
The property 'Icon' cannot be found on this object. Verify that the property exists and can be set.
At B:\Users\hargs\GitHub\project-jericho\functions\GUI Frontend Modifications.ps1:2 char:1
+ $formProjectJericho.Icon = New-Object system.drawing.icon ("$script:S ...
+ ~~~~~~~~~~~~~~~~~~~~~~~~~~~~~~~~~~~~~~~~~~~~~~~~~~~~~~~~~~~~~~~~~~~~~
    + CategoryInfo          : InvalidOperation: (:) [], RuntimeException
    + FullyQualifiedErrorId : PropertyNotFound

The property 'Image' cannot be found on this object. Verify that the property exists and can be set.
At B:\Users\hargs\GitHub\project-jericho\functions\GUI Frontend Modifications.ps1:4 char:1
+ $picturebox2.Image = [Drawing.Image]::FromFile("$script:ScriptDir\dat ...
+ ~~~~~~~~~~~~~~~~~~~~~~~~~~~~~~~~~~~~~~~~~~~~~~~~~~~~~~~~~~~~~~~~~~~~~
    + CategoryInfo          : InvalidOperation: (:) [], RuntimeException
    + FullyQualifiedErrorId : PropertyNotFound
The property 'Image' cannot be found on this object. Verify that the property exists and can be set.
At B:\Users\hargs\GitHub\project-jericho\functions\GUI Frontend Modifications.ps1:4 char:1
+ $picturebox2.Image = [Drawing.Image]::FromFile("$script:ScriptDir\dat ...
+ ~~~~~~~~~~~~~~~~~~~~~~~~~~~~~~~~~~~~~~~~~~~~~~~~~~~~~~~~~~~~~~~~~~~~~
    + CategoryInfo          : InvalidOperation: (:) [], RuntimeException
    + FullyQualifiedErrorId : PropertyNotFound

The property 'Image' cannot be found on this object. Verify that the property exists and can be set.
At B:\Users\hargs\GitHub\project-jericho\functions\GUI Frontend Modifications.ps1:9 char:1
+ $picturebox7.Image = [Drawing.Image]::FromFile("$script:ScriptDir\dat ...
+ ~~~~~~~~~~~~~~~~~~~~~~~~~~~~~~~~~~~~~~~~~~~~~~~~~~~~~~~~~~~~~~~~~~~~~
    + CategoryInfo          : InvalidOperation: (:) [], RuntimeException
    + FullyQualifiedErrorId : PropertyNotFound
The property 'Image' cannot be found on this object. Verify that the property exists and can be set.
At B:\Users\hargs\GitHub\project-jericho\functions\GUI Frontend Modifications.ps1:9 char:1
+ $picturebox7.Image = [Drawing.Image]::FromFile("$script:ScriptDir\dat ...
+ ~~~~~~~~~~~~~~~~~~~~~~~~~~~~~~~~~~~~~~~~~~~~~~~~~~~~~~~~~~~~~~~~~~~~~
    + CategoryInfo          : InvalidOperation: (:) [], RuntimeException
    + FullyQualifiedErrorId : PropertyNotFound

The property 'Image' cannot be found on this object. Verify that the property exists and can be set.
At B:\Users\hargs\GitHub\project-jericho\functions\GUI Frontend Modifications.ps1:10 char:1
+ $picturebox8.Image = [Drawing.Image]::FromFile("$script:ScriptDir\dat ...
+ ~~~~~~~~~~~~~~~~~~~~~~~~~~~~~~~~~~~~~~~~~~~~~~~~~~~~~~~~~~~~~~~~~~~~~
    + CategoryInfo          : InvalidOperation: (:) [], RuntimeException
    + FullyQualifiedErrorId : PropertyNotFound
The property 'Image' cannot be found on this object. Verify that the property exists and can be set.
At B:\Users\hargs\GitHub\project-jericho\functions\GUI Frontend Modifications.ps1:10 char:1
+ $picturebox8.Image = [Drawing.Image]::FromFile("$script:ScriptDir\dat ...
+ ~~~~~~~~~~~~~~~~~~~~~~~~~~~~~~~~~~~~~~~~~~~~~~~~~~~~~~~~~~~~~~~~~~~~~
    + CategoryInfo          : InvalidOperation: (:) [], RuntimeException
    + FullyQualifiedErrorId : PropertyNotFound

The property 'Image' cannot be found on this object. Verify that the property exists and can be set.
At B:\Users\hargs\GitHub\project-jericho\functions\GUI Frontend Modifications.ps1:11 char:1
+ $picturebox9.Image = [Drawing.Image]::FromFile("$script:ScriptDir\dat ...
+ ~~~~~~~~~~~~~~~~~~~~~~~~~~~~~~~~~~~~~~~~~~~~~~~~~~~~~~~~~~~~~~~~~~~~~
    + CategoryInfo          : InvalidOperation: (:) [], RuntimeException
    + FullyQualifiedErrorId : PropertyNotFound
The property 'Image' cannot be found on this object. Verify that the property exists and can be set.
At B:\Users\hargs\GitHub\project-jericho\functions\GUI Frontend Modifications.ps1:11 char:1
+ $picturebox9.Image = [Drawing.Image]::FromFile("$script:ScriptDir\dat ...
+ ~~~~~~~~~~~~~~~~~~~~~~~~~~~~~~~~~~~~~~~~~~~~~~~~~~~~~~~~~~~~~~~~~~~~~
    + CategoryInfo          : InvalidOperation: (:) [], RuntimeException
    + FullyQualifiedErrorId : PropertyNotFound

The property 'BackColor' cannot be found on this object. Verify that the property exists and can be set.
At B:\Users\hargs\GitHub\project-jericho\functions\GUI Frontend Modifications.ps1:18 char:1
+ $GroupBox24.BackColor    = $TransHeading
+ ~~~~~~~~~~~~~~~~~~~~~~~~~~~~~~~~~~~~~~~~
    + CategoryInfo          : InvalidOperation: (:) [], RuntimeException
    + FullyQualifiedErrorId : PropertyNotFound
The property 'BackColor' cannot be found on this object. Verify that the property exists and can be set.
At B:\Users\hargs\GitHub\project-jericho\functions\GUI Frontend Modifications.ps1:18 char:1
+ $GroupBox24.BackColor    = $TransHeading
+ ~~~~~~~~~~~~~~~~~~~~~~~~~~~~~~~~~~~~~~~~
    + CategoryInfo          : InvalidOperation: (:) [], RuntimeException
    + FullyQualifiedErrorId : PropertyNotFound

The property 'Parent' cannot be found on this object. Verify that the property exists and can be set.
At B:\Users\hargs\GitHub\project-jericho\functions\GUI Frontend Modifications.ps1:19 char:1
+ $GroupBox24.Parent       = $formProjectJericho
+ ~~~~~~~~~~~~~~~~~~~~~~~~~~~~~~~~~~~~~~~~~~~~~~
    + CategoryInfo          : InvalidOperation: (:) [], RuntimeException
    + FullyQualifiedErrorId : PropertyNotFound
The property 'Parent' cannot be found on this object. Verify that the property exists and can be set.
At B:\Users\hargs\GitHub\project-jericho\functions\GUI Frontend Modifications.ps1:19 char:1
+ $GroupBox24.Parent       = $formProjectJericho
+ ~~~~~~~~~~~~~~~~~~~~~~~~~~~~~~~~~~~~~~~~~~~~~~
    + CategoryInfo          : InvalidOperation: (:) [], RuntimeException
    + FullyQualifiedErrorId : PropertyNotFound

The property 'ForeColor' cannot be found on this object. Verify that the property exists and can be set.
At B:\Users\hargs\GitHub\project-jericho\functions\GUI Frontend Modifications.ps1:77 char:5
+     $buttonAntiLogoffScript.ForeColor = [System.Drawing.Color]::FromA ...
+     ~~~~~~~~~~~~~~~~~~~~~~~~~~~~~~~~~~~~~~~~~~~~~~~~~~~~~~~~~~~~~~~~~
    + CategoryInfo          : InvalidOperation: (:) [], RuntimeException
    + FullyQualifiedErrorId : PropertyNotFound
The property 'ForeColor' cannot be found on this object. Verify that the property exists and can be set.
At B:\Users\hargs\GitHub\project-jericho\functions\GUI Frontend Modifications.ps1:77 char:5
+     $buttonAntiLogoffScript.ForeColor = [System.Drawing.Color]::FromA ...
+     ~~~~~~~~~~~~~~~~~~~~~~~~~~~~~~~~~~~~~~~~~~~~~~~~~~~~~~~~~~~~~~~~~
    + CategoryInfo          : InvalidOperation: (:) [], RuntimeException
    + FullyQualifiedErrorId : PropertyNotFound

The property 'ForeColor' cannot be found on this object. Verify that the property exists and can be set.
At B:\Users\hargs\GitHub\project-jericho\functions\GUI Frontend Modifications.ps1:81 char:5
+     $buttonShowLocationHotKey.ForeColor = [System.Drawing.Color]::Fro ...
+     ~~~~~~~~~~~~~~~~~~~~~~~~~~~~~~~~~~~~~~~~~~~~~~~~~~~~~~~~~~~~~~~~~
    + CategoryInfo          : InvalidOperation: (:) [], RuntimeException
    + FullyQualifiedErrorId : PropertyNotFound
The property 'ForeColor' cannot be found on this object. Verify that the property exists and can be set.
At B:\Users\hargs\GitHub\project-jericho\functions\GUI Frontend Modifications.ps1:81 char:5
+     $buttonShowLocationHotKey.ForeColor = [System.Drawing.Color]::Fro ...
+     ~~~~~~~~~~~~~~~~~~~~~~~~~~~~~~~~~~~~~~~~~~~~~~~~~~~~~~~~~~~~~~~~~
    + CategoryInfo          : InvalidOperation: (:) [], RuntimeException
    + FullyQualifiedErrorId : PropertyNotFound

The property 'ForeColor' cannot be found on this object. Verify that the property exists and can be set.
At B:\Users\hargs\GitHub\project-jericho\functions\GUI Frontend Modifications.ps1:85 char:5
+     $buttonAutoRunToggle.ForeColor = [System.Drawing.Color]::FromArgb ...
+     ~~~~~~~~~~~~~~~~~~~~~~~~~~~~~~~~~~~~~~~~~~~~~~~~~~~~~~~~~~~~~~~~~
    + CategoryInfo          : InvalidOperation: (:) [], RuntimeException
    + FullyQualifiedErrorId : PropertyNotFound
The property 'ForeColor' cannot be found on this object. Verify that the property exists and can be set.
At B:\Users\hargs\GitHub\project-jericho\functions\GUI Frontend Modifications.ps1:85 char:5
+     $buttonAutoRunToggle.ForeColor = [System.Drawing.Color]::FromArgb ...
+     ~~~~~~~~~~~~~~~~~~~~~~~~~~~~~~~~~~~~~~~~~~~~~~~~~~~~~~~~~~~~~~~~~
    + CategoryInfo          : InvalidOperation: (:) [], RuntimeException
    + FullyQualifiedErrorId : PropertyNotFound

The property 'BackgroundImage' cannot be found on this object. Verify that the property exists and can be set.
At B:\Users\hargs\GitHub\project-jericho\functions\GUI Frontend Modifications.ps1:94 char:1
+ $PictureBox5.BackgroundImage = [system.drawing.image]::FromFile("$scr ...
+ ~~~~~~~~~~~~~~~~~~~~~~~~~~~~~~~~~~~~~~~~~~~~~~~~~~~~~~~~~~~~~~~~~~~~~
    + CategoryInfo          : InvalidOperation: (:) [], RuntimeException
    + FullyQualifiedErrorId : PropertyNotFound
The property 'BackgroundImage' cannot be found on this object. Verify that the property exists and can be set.
At B:\Users\hargs\GitHub\project-jericho\functions\GUI Frontend Modifications.ps1:94 char:1
+ $PictureBox5.BackgroundImage = [system.drawing.image]::FromFile("$scr ...
+ ~~~~~~~~~~~~~~~~~~~~~~~~~~~~~~~~~~~~~~~~~~~~~~~~~~~~~~~~~~~~~~~~~~~~~
    + CategoryInfo          : InvalidOperation: (:) [], RuntimeException
    + FullyQualifiedErrorId : PropertyNotFound

You cannot call a method on a null-valued expression.
At B:\Users\hargs\GitHub\project-jericho\functions\GUI Frontend Modifications.ps1:103 char:1
+ $TabPage4.Controls.Add($SystemCanvas)
+ ~~~~~~~~~~~~~~~~~~~~~~~~~~~~~~~~~~~~~
    + CategoryInfo          : InvalidOperation: (:) [], RuntimeException
    + FullyQualifiedErrorId : InvokeMethodOnNull
You cannot call a method on a null-valued expression.
At B:\Users\hargs\GitHub\project-jericho\functions\GUI Frontend Modifications.ps1:103 char:1
+ $TabPage4.Controls.Add($SystemCanvas)
+ ~~~~~~~~~~~~~~~~~~~~~~~~~~~~~~~~~~~~~
    + CategoryInfo          : InvalidOperation: (:) [], RuntimeException
    + FullyQualifiedErrorId : InvokeMethodOnNull

You cannot call a method on a null-valued expression.
At B:\Users\hargs\GitHub\project-jericho\functions\GUI Frontend Modifications.ps1:172 char:1
+ $TabControl1.Add_SelectedIndexChanged({
+ ~~~~~~~~~~~~~~~~~~~~~~~~~~~~~~~~~~~~~~~
    + CategoryInfo          : InvalidOperation: (:) [], RuntimeException
    + FullyQualifiedErrorId : InvokeMethodOnNull
You cannot call a method on a null-valued expression.
At B:\Users\hargs\GitHub\project-jericho\functions\GUI Frontend Modifications.ps1:172 char:1
+ $TabControl1.Add_SelectedIndexChanged({
+ ~~~~~~~~~~~~~~~~~~~~~~~~~~~~~~~~~~~~~~~
    + CategoryInfo          : InvalidOperation: (:) [], RuntimeException
    + FullyQualifiedErrorId : InvokeMethodOnNull

[38;2;255;165;0m- parsing Logfile in background (1min to update server details)

PS>TerminatingError(Start-Sleep): "Cannot bind parameter 'Seconds'. Cannot convert value "Seconds" to type "System.Int32". Error: "Input string was not in a correct format.""
Start-Sleep : Cannot bind parameter 'Seconds'. Cannot convert value "Seconds" to type "System.Int32". Error: "Input 
string was not in a correct format."
At B:\Users\hargs\GitHub\project-jericho\Script_Project Jericho_3D Navigation in Space and on Planets_V7.2.8.ps1:321 
char:17
+     Start-Sleep Seconds 10
+                 ~~~~~~~
    + CategoryInfo          : InvalidArgument: (:) [Start-Sleep], ParameterBindingException
    + FullyQualifiedErrorId : CannotConvertArgumentNoMessage,Microsoft.PowerShell.Commands.StartSleepCommand
Start-Sleep : Cannot bind parameter 'Seconds'. Cannot convert value "Seconds" to type "System.Int32". Error: "Input
string was not in a correct format."
At B:\Users\hargs\GitHub\project-jericho\Script_Project Jericho_3D Navigation in Space and on Planets_V7.2.8.ps1:321
char:17
+     Start-Sleep Seconds 10
+                 ~~~~~~~
    + CategoryInfo          : InvalidArgument: (:) [Start-Sleep], ParameterBindingException
    + FullyQualifiedErrorId : CannotConvertArgumentNoMessage,Microsoft.PowerShell.Commands.StartSleepCommand

[38;2;255;165;0m- Parsing GameData
PS>TerminatingError(ConvertFrom-Json): "A parameter cannot be found that matches parameter name 'AsHashtable'."
ConvertFrom-Json : A parameter cannot be found that matches parameter name 'AsHashtable'.
At B:\Users\hargs\GitHub\project-jericho\Script_Project Jericho_3D Navigation in Space and on Planets_V7.2.8.ps1:397 
char:42
+ $JsonTable = $Content | ConvertFrom-Json -AsHashtable
+                                          ~~~~~~~~~~~~
    + CategoryInfo          : InvalidArgument: (:) [ConvertFrom-Json], ParameterBindingException
    + FullyQualifiedErrorId : NamedParameterNotFound,Microsoft.PowerShell.Commands.ConvertFromJsonCommand
ConvertFrom-Json : A parameter cannot be found that matches parameter name 'AsHashtable'.
At B:\Users\hargs\GitHub\project-jericho\Script_Project Jericho_3D Navigation in Space and on Planets_V7.2.8.ps1:397
char:42
+ $JsonTable = $Content | ConvertFrom-Json -AsHashtable
+                                          ~~~~~~~~~~~~
    + CategoryInfo          : InvalidArgument: (:) [ConvertFrom-Json], ParameterBindingException
    + FullyQualifiedErrorId : NamedParameterNotFound,Microsoft.PowerShell.Commands.ConvertFromJsonCommand

[38;2;255;165;0m- Parsing Containers
You cannot call a method on a null-valued expression.
At B:\Users\hargs\GitHub\project-jericho\Script_Project Jericho_3D Navigation in Space and on Planets_V7.2.8.ps1:404 
char:23
+ foreach($Container in $JsonTable.Containers.GetEnumerator()){
+                       ~~~~~~~~~~~~~~~~~~~~~~~~~~~~~~~~~~~~~
    + CategoryInfo          : InvalidOperation: (:) [], RuntimeException
    + FullyQualifiedErrorId : InvokeMethodOnNull
You cannot call a method on a null-valued expression.
At B:\Users\hargs\GitHub\project-jericho\Script_Project Jericho_3D Navigation in Space and on Planets_V7.2.8.ps1:404
char:23
+ foreach($Container in $JsonTable.Containers.GetEnumerator()){
+                       ~~~~~~~~~~~~~~~~~~~~~~~~~~~~~~~~~~~~~
    + CategoryInfo          : InvalidOperation: (:) [], RuntimeException
    + FullyQualifiedErrorId : InvokeMethodOnNull

[38;2;255;165;0m- PreLoading POI Selection
[38;2;255;165;0m- Getting Systems
[38;2;255;165;0m- Syncing with NTP Server
[38;2;255;165;0m- Reading debug command usage
Get-Content : Cannot find path 'B:\Users\hargs\GitHub\project-jericho\Logs\Logfile.csv' because it does not exist.
At B:\Users\hargs\GitHub\project-jericho\Script_Project Jericho_3D Navigation in Space and on Planets_V7.2.8.ps1:554 
char:16
+ $FileContent = Get-Content $LogFilename
+                ~~~~~~~~~~~~~~~~~~~~~~~~
    + CategoryInfo          : ObjectNotFound: (B:\Users\hargs\...ogs\Logfile.csv:String) [Get-Content], 
ItemNotFoundException
    + FullyQualifiedErrorId : PathNotFound,Microsoft.PowerShell.Commands.GetContentCommand
Get-Content : Cannot find path 'B:\Users\hargs\GitHub\project-jericho\Logs\Logfile.csv' because it does not exist.
At B:\Users\hargs\GitHub\project-jericho\Script_Project Jericho_3D Navigation in Space and on Planets_V7.2.8.ps1:554
char:16
+ $FileContent = Get-Content $LogFilename
+                ~~~~~~~~~~~~~~~~~~~~~~~~
    + CategoryInfo          : ObjectNotFound: (B:\Users\hargs\...ogs\Logfile.csv:String) [Get-Content], ItemNotFoundEx
   ception
    + FullyQualifiedErrorId : PathNotFound,Microsoft.PowerShell.Commands.GetContentCommand

[38;2;255;165;0m- Main Loop started
You cannot call a method on a null-valued expression.
At B:\Users\hargs\GitHub\project-jericho\Script_Project Jericho_3D Navigation in Space and on Planets_V7.2.8.ps1:2940 
char:1
+ $formProjectJericho.Close()
+ ~~~~~~~~~~~~~~~~~~~~~~~~~~~
    + CategoryInfo          : InvalidOperation: (:) [], RuntimeException
    + FullyQualifiedErrorId : InvokeMethodOnNull
You cannot call a method on a null-valued expression.
At B:\Users\hargs\GitHub\project-jericho\Script_Project Jericho_3D Navigation in Space and on Planets_V7.2.8.ps1:2940
char:1
+ $formProjectJericho.Close()
+ ~~~~~~~~~~~~~~~~~~~~~~~~~~~
    + CategoryInfo          : InvalidOperation: (:) [], RuntimeException
    + FullyQualifiedErrorId : InvokeMethodOnNull



PS>$global:?
True
